2023-12-17 23:04:44,776 INFO  [Log] **************************************************************************************** 
2023-12-17 23:04:44,776 INFO  [Log] **************************************************************************************** 
2023-12-17 23:04:44,776 INFO  [Log] $$$$$$$$$$$$$$$$$$$$$                 BeforeSuite       $$$$$$$$$$$$$$$$$$$$$$$$$ 
2023-12-17 23:04:44,776 INFO  [Log] **************************************************************************************** 
2023-12-17 23:04:44,776 INFO  [Log] **************************************************************************************** 
2023-12-17 23:04:47,640 INFO  [Log] **************************************************************************************** 
2023-12-17 23:04:47,640 INFO  [Log] **************************************************************************************** 
2023-12-17 23:04:47,640 INFO  [Log] $$$$$$$$$$$$$$$$$$$$$                 BeforeSuite       $$$$$$$$$$$$$$$$$$$$$$$$$ 
2023-12-17 23:04:47,640 INFO  [Log] **************************************************************************************** 
2023-12-17 23:04:47,640 INFO  [Log] **************************************************************************************** 
2023-12-17 23:04:47,654 INFO  [Log] **************************************************************************************** 
2023-12-17 23:04:47,654 INFO  [Log] **************************************************************************************** 
2023-12-17 23:04:47,654 INFO  [Log] $$$$$$$$$$$$$$$$$$$$$                 Test       $$$$$$$$$$$$$$$$$$$$$$$$$ 
2023-12-17 23:04:47,654 INFO  [Log] **************************************************************************************** 
2023-12-17 23:04:47,654 INFO  [Log] **************************************************************************************** 
2023-12-17 23:04:49,472 INFO  [Log] XXXXXXXXXXXXXXXXXXXXXXX             -E---N---D-             XXXXXXXXXXXXXXXXXXXXXX 
2023-12-17 23:04:49,472 INFO  [Log] X 
2023-12-17 23:04:49,472 INFO  [Log] X 
2023-12-17 23:04:49,472 INFO  [Log] X 
2023-12-17 23:04:49,472 INFO  [Log] X 
2023-12-17 23:04:49,497 INFO  [Log] **************************************************************************************** 
2023-12-17 23:04:49,497 INFO  [Log] **************************************************************************************** 
2023-12-17 23:04:49,497 INFO  [Log] $$$$$$$$$$$$$$$$$$$$$                 AfterSuite       $$$$$$$$$$$$$$$$$$$$$$$$$ 
2023-12-17 23:04:49,497 INFO  [Log] **************************************************************************************** 
2023-12-17 23:04:49,497 INFO  [Log] **************************************************************************************** 
2023-12-17 23:04:49,949 INFO  [Log] XXXXXXXXXXXXXXXXXXXXXXX             -E---N---D-             XXXXXXXXXXXXXXXXXXXXXX 
2023-12-17 23:04:49,949 INFO  [Log] X 
2023-12-17 23:04:49,949 INFO  [Log] X 
2023-12-17 23:04:49,949 INFO  [Log] X 
2023-12-17 23:04:49,949 INFO  [Log] X 
2023-12-17 23:06:55,082 INFO  [Log] **************************************************************************************** 
2023-12-17 23:06:55,082 INFO  [Log] **************************************************************************************** 
2023-12-17 23:06:55,082 INFO  [Log] $$$$$$$$$$$$$$$$$$$$$                 BeforeSuite       $$$$$$$$$$$$$$$$$$$$$$$$$ 
2023-12-17 23:06:55,082 INFO  [Log] **************************************************************************************** 
2023-12-17 23:06:55,082 INFO  [Log] **************************************************************************************** 
2023-12-17 23:06:57,268 INFO  [Log] **************************************************************************************** 
2023-12-17 23:06:57,268 INFO  [Log] **************************************************************************************** 
2023-12-17 23:06:57,268 INFO  [Log] $$$$$$$$$$$$$$$$$$$$$                 BeforeSuite       $$$$$$$$$$$$$$$$$$$$$$$$$ 
2023-12-17 23:06:57,268 INFO  [Log] **************************************************************************************** 
2023-12-17 23:06:57,268 INFO  [Log] **************************************************************************************** 
2023-12-17 23:06:57,290 INFO  [Log] **************************************************************************************** 
2023-12-17 23:06:57,290 INFO  [Log] **************************************************************************************** 
2023-12-17 23:06:57,290 INFO  [Log] $$$$$$$$$$$$$$$$$$$$$                 Test       $$$$$$$$$$$$$$$$$$$$$$$$$ 
2023-12-17 23:06:57,290 INFO  [Log] **************************************************************************************** 
2023-12-17 23:06:57,290 INFO  [Log] **************************************************************************************** 
2023-12-17 23:07:10,243 INFO  [Log] XXXXXXXXXXXXXXXXXXXXXXX             -E---N---D-             XXXXXXXXXXXXXXXXXXXXXX 
2023-12-17 23:07:10,243 INFO  [Log] X 
2023-12-17 23:07:10,243 INFO  [Log] X 
2023-12-17 23:07:10,243 INFO  [Log] X 
2023-12-17 23:07:10,243 INFO  [Log] X 
2023-12-17 23:07:10,303 INFO  [Log] **************************************************************************************** 
2023-12-17 23:07:10,303 INFO  [Log] **************************************************************************************** 
2023-12-17 23:07:10,303 INFO  [Log] $$$$$$$$$$$$$$$$$$$$$                 AfterSuite       $$$$$$$$$$$$$$$$$$$$$$$$$ 
2023-12-17 23:07:10,303 INFO  [Log] **************************************************************************************** 
2023-12-17 23:07:10,303 INFO  [Log] **************************************************************************************** 
2023-12-17 23:07:10,774 INFO  [Log] XXXXXXXXXXXXXXXXXXXXXXX             -E---N---D-             XXXXXXXXXXXXXXXXXXXXXX 
2023-12-17 23:07:10,774 INFO  [Log] X 
2023-12-17 23:07:10,774 INFO  [Log] X 
2023-12-17 23:07:10,774 INFO  [Log] X 
2023-12-17 23:07:10,774 INFO  [Log] X 
